This file contains any messages produced by compilers while
running configure, to aid debugging if configure makes a mistake.

It was created by libpqxx configure 4.0.1, which was
generated by GNU Autoconf 2.69.  Invocation command line was

  $ ./configure 

## --------- ##
## Platform. ##
## --------- ##

hostname = Bumblebee.local
uname -m = x86_64
uname -r = 14.5.0
uname -s = Darwin
uname -v = Darwin Kernel Version 14.5.0: Tue Sep  1 21:23:09 PDT 2015; root:xnu-2782.50.1~1/RELEASE_X86_64

/usr/bin/uname -p = i386
/bin/uname -X     = unknown

/bin/arch              = unknown
/usr/bin/arch -k       = unknown
/usr/convex/getsysinfo = unknown
/usr/bin/hostinfo      = Mach kernel version:
	 Darwin Kernel Version 14.5.0: Tue Sep  1 21:23:09 PDT 2015; root:xnu-2782.50.1~1/RELEASE_X86_64
Kernel configured for up to 4 processors.
2 processors are physically available.
4 processors are logically available.
Processor type: x86_64h (Intel x86-64h Haswell)
Processors active: 0 1 2 3
Primary memory available: 8.00 gigabytes
Default processor set: 275 tasks, 1307 threads, 4 processors
Load average: 1.44, Mach factor: 2.55
/bin/machine           = unknown
/usr/bin/oslevel       = unknown
/bin/universe          = unknown

PATH: /Users/mowgli/.rbenv/shims
PATH: /opt/local/bin
PATH: /opt/local/sbin
PATH: /usr/local/bin
PATH: /usr/bin
PATH: /bin
PATH: /usr/sbin
PATH: /sbin
PATH: /opt/X11/bin


## ----------- ##
## Core tests. ##
## ----------- ##

configure:2457: checking for a BSD-compatible install
configure:2525: result: /usr/bin/install -c
configure:2536: checking whether build environment is sane
configure:2586: result: yes
configure:2727: checking for a thread-safe mkdir -p
configure:2766: result: config/install-sh -c -d
configure:2779: checking for gawk
configure:2809: result: no
configure:2779: checking for mawk
configure:2809: result: no
configure:2779: checking for nawk
configure:2809: result: no
configure:2779: checking for awk
configure:2795: found /usr/bin/awk
configure:2806: result: awk
configure:2817: checking whether make sets $(MAKE)
configure:2839: result: yes
configure:2995: checking for g++
configure:3011: found /usr/bin/g++
configure:3022: result: g++
configure:3049: checking for C++ compiler version
configure:3058: g++ --version >&5
Apple LLVM version 6.1.0 (clang-602.0.53) (based on LLVM 3.6.0svn)
Target: x86_64-apple-darwin14.5.0
Thread model: posix
Configured with: --prefix=/Applications/Xcode.app/Contents/Developer/usr --with-gxx-include-dir=/usr/include/c++/4.2.1
configure:3069: $? = 0
configure:3058: g++ -v >&5
Configured with: --prefix=/Applications/Xcode.app/Contents/Developer/usr --with-gxx-include-dir=/usr/include/c++/4.2.1
Apple LLVM version 6.1.0 (clang-602.0.53) (based on LLVM 3.6.0svn)
Target: x86_64-apple-darwin14.5.0
Thread model: posix
configure:3069: $? = 0
configure:3058: g++ -V >&5
clang: error: argument to '-V' is missing (expected 1 value)
clang: error: no input files
configure:3069: $? = 1
configure:3058: g++ -qversion >&5
clang: error: unknown argument: '-qversion'
clang: error: no input files
configure:3069: $? = 1
configure:3089: checking whether the C++ compiler works
configure:3111: g++    conftest.cpp  >&5
configure:3115: $? = 0
configure:3163: result: yes
configure:3166: checking for C++ compiler default output file name
configure:3168: result: a.out
configure:3174: checking for suffix of executables
configure:3181: g++ -o conftest    conftest.cpp  >&5
configure:3185: $? = 0
configure:3207: result: 
configure:3229: checking whether we are cross compiling
configure:3237: g++ -o conftest    conftest.cpp  >&5
configure:3241: $? = 0
configure:3248: ./conftest
configure:3252: $? = 0
configure:3267: result: no
configure:3272: checking for suffix of object files
configure:3294: g++ -c   conftest.cpp >&5
configure:3298: $? = 0
configure:3319: result: o
configure:3323: checking whether we are using the GNU C++ compiler
configure:3342: g++ -c   conftest.cpp >&5
configure:3342: $? = 0
configure:3351: result: yes
configure:3360: checking whether g++ accepts -g
configure:3380: g++ -c -g  conftest.cpp >&5
configure:3380: $? = 0
configure:3421: result: yes
configure:3455: checking for style of include used by make
configure:3483: result: GNU
configure:3509: checking dependency style of g++
configure:3620: result: gcc3
configure:3683: checking for gcc
configure:3699: found /usr/bin/gcc
configure:3710: result: gcc
configure:3939: checking for C compiler version
configure:3948: gcc --version >&5
Apple LLVM version 6.1.0 (clang-602.0.53) (based on LLVM 3.6.0svn)
Target: x86_64-apple-darwin14.5.0
Thread model: posix
Configured with: --prefix=/Applications/Xcode.app/Contents/Developer/usr --with-gxx-include-dir=/usr/include/c++/4.2.1
configure:3959: $? = 0
configure:3948: gcc -v >&5
Configured with: --prefix=/Applications/Xcode.app/Contents/Developer/usr --with-gxx-include-dir=/usr/include/c++/4.2.1
Apple LLVM version 6.1.0 (clang-602.0.53) (based on LLVM 3.6.0svn)
Target: x86_64-apple-darwin14.5.0
Thread model: posix
configure:3959: $? = 0
configure:3948: gcc -V >&5
clang: error: argument to '-V' is missing (expected 1 value)
clang: error: no input files
configure:3959: $? = 1
configure:3948: gcc -qversion >&5
clang: error: unknown argument: '-qversion'
clang: error: no input files
configure:3959: $? = 1
configure:3963: checking whether we are using the GNU C compiler
configure:3982: gcc -c   conftest.c >&5
configure:3982: $? = 0
configure:3991: result: yes
configure:4000: checking whether gcc accepts -g
configure:4020: gcc -c -g  conftest.c >&5
configure:4020: $? = 0
configure:4061: result: yes
configure:4078: checking for gcc option to accept ISO C89
configure:4141: gcc  -c -g -O2  conftest.c >&5
configure:4141: $? = 0
configure:4154: result: none needed
configure:4176: checking dependency style of gcc
configure:4287: result: gcc3
configure:4363: checking build system type
configure:4377: result: x86_64-apple-darwin14.5.0
configure:4397: checking host system type
configure:4410: result: x86_64-apple-darwin14.5.0
configure:4451: checking how to print strings
configure:4478: result: printf
configure:4499: checking for a sed that does not truncate output
configure:4563: result: /usr/bin/sed
configure:4581: checking for grep that handles long lines and -e
configure:4639: result: /usr/bin/grep
configure:4644: checking for egrep
configure:4706: result: /usr/bin/grep -E
configure:4711: checking for fgrep
configure:4773: result: /usr/bin/grep -F
configure:4808: checking for ld used by gcc
configure:4875: result: /Applications/Xcode.app/Contents/Developer/Toolchains/XcodeDefault.xctoolchain/usr/bin/ld
configure:4882: checking if the linker (/Applications/Xcode.app/Contents/Developer/Toolchains/XcodeDefault.xctoolchain/usr/bin/ld) is GNU ld
configure:4897: result: no
configure:4909: checking for BSD- or MS-compatible name lister (nm)
configure:4958: result: /usr/bin/nm
configure:5088: checking the name lister (/usr/bin/nm) interface
configure:5095: g++ -c -g -O2  conftest.cpp >&5
configure:5098: /usr/bin/nm "conftest.o"
configure:5101: output
00000000000001e8 S _some_variable
configure:5108: result: BSD nm
configure:5111: checking whether ln -s works
configure:5115: result: yes
configure:5123: checking the maximum length of command line arguments
configure:5253: result: 196608
configure:5270: checking whether the shell understands some XSI constructs
configure:5280: result: yes
configure:5284: checking whether the shell understands "+="
configure:5290: result: yes
configure:5325: checking how to convert x86_64-apple-darwin14.5.0 file names to x86_64-apple-darwin14.5.0 format
configure:5365: result: func_convert_file_noop
configure:5372: checking how to convert x86_64-apple-darwin14.5.0 file names to toolchain format
configure:5392: result: func_convert_file_noop
configure:5399: checking for /Applications/Xcode.app/Contents/Developer/Toolchains/XcodeDefault.xctoolchain/usr/bin/ld option to reload object files
configure:5406: result: -r
configure:5480: checking for objdump
configure:5510: result: no
configure:5539: checking how to recognize dependent libraries
configure:5741: result: pass_all
configure:5826: checking for dlltool
configure:5856: result: no
configure:5886: checking how to associate runtime and link libraries
configure:5913: result: printf %s\n
configure:5974: checking for ar
configure:5990: found /usr/bin/ar
configure:6001: result: ar
configure:6038: checking for archiver @FILE support
configure:6055: g++ -c -g -O2  conftest.cpp >&5
configure:6055: $? = 0
configure:6058: ar cru libconftest.a @conftest.lst >&5
ar: @conftest.lst: No such file or directory
configure:6061: $? = 1
configure:6081: result: no
configure:6139: checking for strip
configure:6155: found /usr/bin/strip
configure:6166: result: strip
configure:6238: checking for ranlib
configure:6254: found /usr/bin/ranlib
configure:6265: result: ranlib
configure:6367: checking command to parse /usr/bin/nm output from gcc object
configure:6487: g++ -c -g -O2  conftest.cpp >&5
configure:6490: $? = 0
configure:6494: /usr/bin/nm conftest.o \| sed -n -e 's/^.*[ ]\([BCDEGRST][BCDEGRST]*\)[ ][ ]*\([_A-Za-z][_A-Za-z0-9]*\)$/\1 \2 \2/p' | sed '/ __gnu_lto/d' \> conftest.nm
configure:6497: $? = 0
cannot find nm_test_var in conftest.nm
configure:6487: g++ -c -g -O2  conftest.cpp >&5
configure:6490: $? = 0
configure:6494: /usr/bin/nm conftest.o \| sed -n -e 's/^.*[ ]\([BCDEGRST][BCDEGRST]*\)[ ][ ]*_\([_A-Za-z][_A-Za-z0-9]*\)$/\1 _\2 \2/p' | sed '/ __gnu_lto/d' \> conftest.nm
configure:6497: $? = 0
configure:6563: g++ -o conftest -g -O2   conftest.cpp conftstm.o >&5
configure:6566: $? = 0
configure:6604: result: ok
configure:6641: checking for sysroot
configure:6671: result: no
configure:6928: checking for mt
configure:6958: result: no
configure:6978: checking if : is a manifest tool
configure:6984: : '-?'
configure:6992: result: no
configure:7048: checking for dsymutil
configure:7064: found /usr/bin/dsymutil
configure:7075: result: dsymutil
configure:7140: checking for nmedit
configure:7156: found /usr/bin/nmedit
configure:7167: result: nmedit
configure:7232: checking for lipo
configure:7248: found /usr/bin/lipo
configure:7259: result: lipo
configure:7324: checking for otool
configure:7340: found /usr/bin/otool
configure:7351: result: otool
configure:7416: checking for otool64
configure:7446: result: no
configure:7491: checking for -single_module linker flag
gcc -g -O2  -o libconftest.dylib -dynamiclib -Wl,-single_module conftest.c
configure:7524: result: yes
configure:7527: checking for -exported_symbols_list linker flag
configure:7547: g++ -o conftest -g -O2   -Wl,-exported_symbols_list,conftest.sym conftest.cpp  >&5
configure:7547: $? = 0
configure:7557: result: yes
configure:7560: checking for -force_load linker flag
gcc -g -O2 -c -o conftest.o conftest.c
ar cru libconftest.a conftest.o
ranlib libconftest.a
gcc -g -O2  -o conftest conftest.c -Wl,-force_load,./libconftest.a
configure:7592: result: yes
configure:7634: checking how to run the C preprocessor
configure:7665: gcc -E  conftest.c
configure:7665: $? = 0
configure:7679: gcc -E  conftest.c
conftest.c:11:10: fatal error: 'ac_nonexistent.h' file not found
#include <ac_nonexistent.h>
         ^
1 error generated.
configure:7679: $? = 1
configure: failed program was:
| /* confdefs.h */
| #define PACKAGE_NAME "libpqxx"
| #define PACKAGE_TARNAME "libpqxx"
| #define PACKAGE_VERSION "4.0.1"
| #define PACKAGE_STRING "libpqxx 4.0.1"
| #define PACKAGE_BUGREPORT "Jeroen T. Vermeulen <jtv@xs4all.nl>"
| #define PACKAGE_URL ""
| #define PACKAGE "libpqxx"
| #define VERSION "4.0.1"
| /* end confdefs.h.  */
| #include <ac_nonexistent.h>
configure:7704: result: gcc -E
configure:7724: gcc -E  conftest.c
configure:7724: $? = 0
configure:7738: gcc -E  conftest.c
conftest.c:11:10: fatal error: 'ac_nonexistent.h' file not found
#include <ac_nonexistent.h>
         ^
1 error generated.
configure:7738: $? = 1
configure: failed program was:
| /* confdefs.h */
| #define PACKAGE_NAME "libpqxx"
| #define PACKAGE_TARNAME "libpqxx"
| #define PACKAGE_VERSION "4.0.1"
| #define PACKAGE_STRING "libpqxx 4.0.1"
| #define PACKAGE_BUGREPORT "Jeroen T. Vermeulen <jtv@xs4all.nl>"
| #define PACKAGE_URL ""
| #define PACKAGE "libpqxx"
| #define VERSION "4.0.1"
| /* end confdefs.h.  */
| #include <ac_nonexistent.h>
configure:7767: checking for ANSI C header files
configure:7787: gcc -c -g -O2  conftest.c >&5
configure:7787: $? = 0
configure:7860: gcc -o conftest -g -O2   conftest.c  >&5
configure:7860: $? = 0
configure:7860: ./conftest
configure:7860: $? = 0
configure:7871: result: yes
configure:7884: checking for sys/types.h
configure:7884: gcc -c -g -O2  conftest.c >&5
configure:7884: $? = 0
configure:7884: result: yes
configure:7884: checking for sys/stat.h
configure:7884: gcc -c -g -O2  conftest.c >&5
configure:7884: $? = 0
configure:7884: result: yes
configure:7884: checking for stdlib.h
configure:7884: gcc -c -g -O2  conftest.c >&5
configure:7884: $? = 0
configure:7884: result: yes
configure:7884: checking for string.h
configure:7884: gcc -c -g -O2  conftest.c >&5
configure:7884: $? = 0
configure:7884: result: yes
configure:7884: checking for memory.h
configure:7884: gcc -c -g -O2  conftest.c >&5
configure:7884: $? = 0
configure:7884: result: yes
configure:7884: checking for strings.h
configure:7884: gcc -c -g -O2  conftest.c >&5
configure:7884: $? = 0
configure:7884: result: yes
configure:7884: checking for inttypes.h
configure:7884: gcc -c -g -O2  conftest.c >&5
configure:7884: $? = 0
configure:7884: result: yes
configure:7884: checking for stdint.h
configure:7884: gcc -c -g -O2  conftest.c >&5
configure:7884: $? = 0
configure:7884: result: yes
configure:7884: checking for unistd.h
configure:7884: gcc -c -g -O2  conftest.c >&5
configure:7884: $? = 0
configure:7884: result: yes
configure:7898: checking for dlfcn.h
configure:7898: gcc -c -g -O2  conftest.c >&5
configure:7898: $? = 0
configure:7898: result: yes
configure:8084: checking for objdir
configure:8099: result: .libs
configure:8370: checking if gcc supports -fno-rtti -fno-exceptions
configure:8388: gcc -c -g -O2  -fno-rtti -fno-exceptions conftest.c >&5
configure:8392: $? = 0
configure:8405: result: yes
configure:8732: checking for gcc option to produce PIC
configure:8739: result: -fno-common -DPIC
configure:8747: checking if gcc PIC flag -fno-common -DPIC works
configure:8765: gcc -c -g -O2  -fno-common -DPIC -DPIC conftest.c >&5
configure:8769: $? = 0
configure:8782: result: yes
configure:8811: checking if gcc static flag -static works
configure:8839: result: no
configure:8854: checking if gcc supports -c -o file.o
configure:8875: gcc -c -g -O2  -o out/conftest2.o conftest.c >&5
configure:8879: $? = 0
configure:8901: result: yes
configure:8909: checking if gcc supports -c -o file.o
configure:8956: result: yes
configure:8989: checking whether the gcc linker (/Applications/Xcode.app/Contents/Developer/Toolchains/XcodeDefault.xctoolchain/usr/bin/ld) supports shared libraries
configure:10146: result: yes
configure:10386: checking dynamic linker characteristics
configure:11131: result: darwin14.5.0 dyld
configure:11238: checking how to hardcode library paths into programs
configure:11263: result: immediate
configure:11803: checking whether stripping libraries is possible
configure:11817: result: yes
configure:11843: checking if libtool supports shared libraries
configure:11845: result: yes
configure:11848: checking whether to build shared libraries
configure:11869: result: no
configure:11872: checking whether to build static libraries
configure:11876: result: yes
configure:11899: checking how to run the C++ preprocessor
configure:11926: g++ -E  conftest.cpp
configure:11926: $? = 0
configure:11940: g++ -E  conftest.cpp
conftest.cpp:23:10: fatal error: 'ac_nonexistent.h' file not found
#include <ac_nonexistent.h>
         ^
1 error generated.
configure:11940: $? = 1
configure: failed program was:
| /* confdefs.h */
| #define PACKAGE_NAME "libpqxx"
| #define PACKAGE_TARNAME "libpqxx"
| #define PACKAGE_VERSION "4.0.1"
| #define PACKAGE_STRING "libpqxx 4.0.1"
| #define PACKAGE_BUGREPORT "Jeroen T. Vermeulen <jtv@xs4all.nl>"
| #define PACKAGE_URL ""
| #define PACKAGE "libpqxx"
| #define VERSION "4.0.1"
| #define STDC_HEADERS 1
| #define HAVE_SYS_TYPES_H 1
| #define HAVE_SYS_STAT_H 1
| #define HAVE_STDLIB_H 1
| #define HAVE_STRING_H 1
| #define HAVE_MEMORY_H 1
| #define HAVE_STRINGS_H 1
| #define HAVE_INTTYPES_H 1
| #define HAVE_STDINT_H 1
| #define HAVE_UNISTD_H 1
| #define HAVE_DLFCN_H 1
| #define LT_OBJDIR ".libs/"
| /* end confdefs.h.  */
| #include <ac_nonexistent.h>
configure:11965: result: g++ -E
configure:11985: g++ -E  conftest.cpp
configure:11985: $? = 0
configure:11999: g++ -E  conftest.cpp
conftest.cpp:23:10: fatal error: 'ac_nonexistent.h' file not found
#include <ac_nonexistent.h>
         ^
1 error generated.
configure:11999: $? = 1
configure: failed program was:
| /* confdefs.h */
| #define PACKAGE_NAME "libpqxx"
| #define PACKAGE_TARNAME "libpqxx"
| #define PACKAGE_VERSION "4.0.1"
| #define PACKAGE_STRING "libpqxx 4.0.1"
| #define PACKAGE_BUGREPORT "Jeroen T. Vermeulen <jtv@xs4all.nl>"
| #define PACKAGE_URL ""
| #define PACKAGE "libpqxx"
| #define VERSION "4.0.1"
| #define STDC_HEADERS 1
| #define HAVE_SYS_TYPES_H 1
| #define HAVE_SYS_STAT_H 1
| #define HAVE_STDLIB_H 1
| #define HAVE_STRING_H 1
| #define HAVE_MEMORY_H 1
| #define HAVE_STRINGS_H 1
| #define HAVE_INTTYPES_H 1
| #define HAVE_STDINT_H 1
| #define HAVE_UNISTD_H 1
| #define HAVE_DLFCN_H 1
| #define LT_OBJDIR ".libs/"
| /* end confdefs.h.  */
| #include <ac_nonexistent.h>
configure:12168: checking for ld used by g++
configure:12235: result: /Applications/Xcode.app/Contents/Developer/Toolchains/XcodeDefault.xctoolchain/usr/bin/ld
configure:12242: checking if the linker (/Applications/Xcode.app/Contents/Developer/Toolchains/XcodeDefault.xctoolchain/usr/bin/ld) is GNU ld
configure:12257: result: no
configure:12312: checking whether the g++ linker (/Applications/Xcode.app/Contents/Developer/Toolchains/XcodeDefault.xctoolchain/usr/bin/ld) supports shared libraries
configure:13317: result: yes
configure:13353: g++ -c -g -O2  conftest.cpp >&5
configure:13356: $? = 0
configure:13876: checking for g++ option to produce PIC
configure:13883: result: -fno-common -DPIC
configure:13891: checking if g++ PIC flag -fno-common -DPIC works
configure:13909: g++ -c -g -O2  -fno-common -DPIC -DPIC conftest.cpp >&5
configure:13913: $? = 0
configure:13926: result: yes
configure:13949: checking if g++ static flag -static works
configure:13977: result: no
configure:13989: checking if g++ supports -c -o file.o
configure:14010: g++ -c -g -O2  -o out/conftest2.o conftest.cpp >&5
configure:14014: $? = 0
configure:14036: result: yes
configure:14041: checking if g++ supports -c -o file.o
configure:14088: result: yes
configure:14118: checking whether the g++ linker (/Applications/Xcode.app/Contents/Developer/Toolchains/XcodeDefault.xctoolchain/usr/bin/ld) supports shared libraries
configure:14157: result: yes
configure:14298: checking dynamic linker characteristics
configure:14977: result: darwin14.5.0 dyld
configure:15030: checking how to hardcode library paths into programs
configure:15055: result: immediate
configure:15116: checking whether make sets $(MAKE)
configure:15138: result: yes
configure:15149: checking for mkdir
configure:15167: found /bin/mkdir
configure:15179: result: /bin/mkdir
configure:15189: checking for pkg-config
configure:15207: found /usr/local/bin/pkg-config
configure:15219: result: /usr/local/bin/pkg-config
configure:15240: checking for doxygen
configure:15273: result: no
configure:15288: checking for dot
configure:15316: result: NO
configure:15326: checking for xmlto
configure:15359: result: no
configure:15393: checking whether to enable maintainer-specific portions of Makefiles
configure:15402: result: no
configure:15417: checking maintainer mode
configure:15424: result: 
configure:15523: checking g++ visibility attribute
configure:15541: g++ -c -g -O2 -Werror  conftest.cpp >&5
configure:15541: $? = 0
configure:15549: result: yes
configure:15441: checking whether g++ accepts -fvisibility-inlines-hidden
configure:15454: g++ -c -g -O2 -Werror -fvisibility-inlines-hidden  conftest.cpp >&5
configure:15454: $? = 0
configure:15460: result: yes
configure:15561: checking g++ const attribute
configure:15575: g++ -c -g -O2  conftest.cpp >&5
configure:15575: $? = 0
configure:15583: result: yes
configure:15586: checking g++ deprecation attribute
configure:15600: g++ -c -g -O2  conftest.cpp >&5
configure:15600: $? = 0
configure:15608: result: yes
configure:15611: checking g++ noreturn attribute
configure:15630: g++ -c -g -O2  conftest.cpp >&5
configure:15630: $? = 0
configure:15638: result: yes
configure:15641: checking g++ pure attribute
configure:15655: g++ -c -g -O2  conftest.cpp >&5
configure:15655: $? = 0
configure:15663: result: yes
configure:15675: checking name of standard library namespace (normally "std")
configure:15696: g++ -c -g -O2  conftest.cpp >&5
configure:15696: $? = 0
configure:15708: result: ::std
configure:15719: checking boost/smart_ptr.hpp usability
configure:15719: g++ -c -g -O2  conftest.cpp >&5
conftest.cpp:62:10: fatal error: 'boost/smart_ptr.hpp' file not found
#include <boost/smart_ptr.hpp>
         ^
1 error generated.
configure:15719: $? = 1
configure: failed program was:
| /* confdefs.h */
| #define PACKAGE_NAME "libpqxx"
| #define PACKAGE_TARNAME "libpqxx"
| #define PACKAGE_VERSION "4.0.1"
| #define PACKAGE_STRING "libpqxx 4.0.1"
| #define PACKAGE_BUGREPORT "Jeroen T. Vermeulen <jtv@xs4all.nl>"
| #define PACKAGE_URL ""
| #define PACKAGE "libpqxx"
| #define VERSION "4.0.1"
| #define STDC_HEADERS 1
| #define HAVE_SYS_TYPES_H 1
| #define HAVE_SYS_STAT_H 1
| #define HAVE_STDLIB_H 1
| #define HAVE_STRING_H 1
| #define HAVE_MEMORY_H 1
| #define HAVE_STRINGS_H 1
| #define HAVE_INTTYPES_H 1
| #define HAVE_STDINT_H 1
| #define HAVE_UNISTD_H 1
| #define HAVE_DLFCN_H 1
| #define LT_OBJDIR ".libs/"
| #define PQXX_HAVE_GCC_VISIBILITY 1
| #define PQXX_HAVE_GCC_CONST 1
| #define PQXX_HAVE_GCC_DEPRECATED 1
| #define PQXX_HAVE_GCC_NORETURN 1
| #define PQXX_HAVE_GCC_PURE 1
| #define PGSTD std
| /* end confdefs.h.  */
| #include <stdio.h>
| #ifdef HAVE_SYS_TYPES_H
| # include <sys/types.h>
| #endif
| #ifdef HAVE_SYS_STAT_H
| # include <sys/stat.h>
| #endif
| #ifdef STDC_HEADERS
| # include <stdlib.h>
| # include <stddef.h>
| #else
| # ifdef HAVE_STDLIB_H
| #  include <stdlib.h>
| # endif
| #endif
| #ifdef HAVE_STRING_H
| # if !defined STDC_HEADERS && defined HAVE_MEMORY_H
| #  include <memory.h>
| # endif
| # include <string.h>
| #endif
| #ifdef HAVE_STRINGS_H
| # include <strings.h>
| #endif
| #ifdef HAVE_INTTYPES_H
| # include <inttypes.h>
| #endif
| #ifdef HAVE_STDINT_H
| # include <stdint.h>
| #endif
| #ifdef HAVE_UNISTD_H
| # include <unistd.h>
| #endif
| #include <boost/smart_ptr.hpp>
configure:15719: result: no
configure:15719: checking boost/smart_ptr.hpp presence
configure:15719: g++ -E  conftest.cpp
conftest.cpp:29:10: fatal error: 'boost/smart_ptr.hpp' file not found
#include <boost/smart_ptr.hpp>
         ^
1 error generated.
configure:15719: $? = 1
configure: failed program was:
| /* confdefs.h */
| #define PACKAGE_NAME "libpqxx"
| #define PACKAGE_TARNAME "libpqxx"
| #define PACKAGE_VERSION "4.0.1"
| #define PACKAGE_STRING "libpqxx 4.0.1"
| #define PACKAGE_BUGREPORT "Jeroen T. Vermeulen <jtv@xs4all.nl>"
| #define PACKAGE_URL ""
| #define PACKAGE "libpqxx"
| #define VERSION "4.0.1"
| #define STDC_HEADERS 1
| #define HAVE_SYS_TYPES_H 1
| #define HAVE_SYS_STAT_H 1
| #define HAVE_STDLIB_H 1
| #define HAVE_STRING_H 1
| #define HAVE_MEMORY_H 1
| #define HAVE_STRINGS_H 1
| #define HAVE_INTTYPES_H 1
| #define HAVE_STDINT_H 1
| #define HAVE_UNISTD_H 1
| #define HAVE_DLFCN_H 1
| #define LT_OBJDIR ".libs/"
| #define PQXX_HAVE_GCC_VISIBILITY 1
| #define PQXX_HAVE_GCC_CONST 1
| #define PQXX_HAVE_GCC_DEPRECATED 1
| #define PQXX_HAVE_GCC_NORETURN 1
| #define PQXX_HAVE_GCC_PURE 1
| #define PGSTD std
| /* end confdefs.h.  */
| #include <boost/smart_ptr.hpp>
configure:15719: result: no
configure:15719: checking for boost/smart_ptr.hpp
configure:15719: result: no
configure:15731: checking whether TR1 headers live in tr1 directory
configure:15745: g++ -c -g -O2  conftest.cpp >&5
conftest.cpp:29:10: fatal error: 'tr1/memory' file not found
#include <tr1/memory>
         ^
1 error generated.
configure:15745: $? = 1
configure: failed program was:
| /* confdefs.h */
| #define PACKAGE_NAME "libpqxx"
| #define PACKAGE_TARNAME "libpqxx"
| #define PACKAGE_VERSION "4.0.1"
| #define PACKAGE_STRING "libpqxx 4.0.1"
| #define PACKAGE_BUGREPORT "Jeroen T. Vermeulen <jtv@xs4all.nl>"
| #define PACKAGE_URL ""
| #define PACKAGE "libpqxx"
| #define VERSION "4.0.1"
| #define STDC_HEADERS 1
| #define HAVE_SYS_TYPES_H 1
| #define HAVE_SYS_STAT_H 1
| #define HAVE_STDLIB_H 1
| #define HAVE_STRING_H 1
| #define HAVE_MEMORY_H 1
| #define HAVE_STRINGS_H 1
| #define HAVE_INTTYPES_H 1
| #define HAVE_STDINT_H 1
| #define HAVE_UNISTD_H 1
| #define HAVE_DLFCN_H 1
| #define LT_OBJDIR ".libs/"
| #define PQXX_HAVE_GCC_VISIBILITY 1
| #define PQXX_HAVE_GCC_CONST 1
| #define PQXX_HAVE_GCC_DEPRECATED 1
| #define PQXX_HAVE_GCC_NORETURN 1
| #define PQXX_HAVE_GCC_PURE 1
| #define PGSTD std
| /* end confdefs.h.  */
| #include <tr1/memory>
| int
| main ()
| {
| 
|   ;
|   return 0;
| }
configure:15753: result: no
configure:15763: checking namespace of TR1 extension to the C++ standard
configure:15790: g++ -c -g -O2  conftest.cpp >&5
conftest.cpp:33:22: error: expected namespace name
using namespace std::tr1
                ~~~~~^
1 error generated.
configure:15790: $? = 1
configure: failed program was:
| /* confdefs.h */
| #define PACKAGE_NAME "libpqxx"
| #define PACKAGE_TARNAME "libpqxx"
| #define PACKAGE_VERSION "4.0.1"
| #define PACKAGE_STRING "libpqxx 4.0.1"
| #define PACKAGE_BUGREPORT "Jeroen T. Vermeulen <jtv@xs4all.nl>"
| #define PACKAGE_URL ""
| #define PACKAGE "libpqxx"
| #define VERSION "4.0.1"
| #define STDC_HEADERS 1
| #define HAVE_SYS_TYPES_H 1
| #define HAVE_SYS_STAT_H 1
| #define HAVE_STDLIB_H 1
| #define HAVE_STRING_H 1
| #define HAVE_MEMORY_H 1
| #define HAVE_STRINGS_H 1
| #define HAVE_INTTYPES_H 1
| #define HAVE_STDINT_H 1
| #define HAVE_UNISTD_H 1
| #define HAVE_DLFCN_H 1
| #define LT_OBJDIR ".libs/"
| #define PQXX_HAVE_GCC_VISIBILITY 1
| #define PQXX_HAVE_GCC_CONST 1
| #define PQXX_HAVE_GCC_DEPRECATED 1
| #define PQXX_HAVE_GCC_NORETURN 1
| #define PQXX_HAVE_GCC_PURE 1
| #define PGSTD std
| /* end confdefs.h.  */
| #include <memory>
| int
| main ()
| {
| using namespace std::tr1
|   ;
|   return 0;
| }
configure:15802: result: std
configure:15806: checking ios usability
configure:15806: g++ -c -g -O2  conftest.cpp >&5
configure:15806: $? = 0
configure:15806: result: yes
configure:15806: checking ios presence
configure:15806: g++ -E  conftest.cpp
configure:15806: $? = 0
configure:15806: result: yes
configure:15806: checking for ios
configure:15806: result: yes
configure:15818: checking streambuf usability
configure:15818: g++ -c -g -O2  conftest.cpp >&5
configure:15818: $? = 0
configure:15818: result: yes
configure:15818: checking streambuf presence
configure:15818: g++ -E  conftest.cpp
configure:15818: $? = 0
configure:15818: result: yes
configure:15818: checking for streambuf
configure:15818: result: yes
configure:15830: checking locale usability
configure:15830: g++ -c -g -O2  conftest.cpp >&5
configure:15830: $? = 0
configure:15830: result: yes
configure:15830: checking locale presence
configure:15830: g++ -E  conftest.cpp
configure:15830: $? = 0
configure:15830: result: yes
configure:15830: checking for locale
configure:15830: result: yes
configure:15842: checking locale function and stringstream::imbue
configure:15859: g++ -c -g -O2  conftest.cpp >&5
configure:15859: $? = 0
configure:15867: result: yes
configure:15870: checking char_traits template
configure:15885: g++ -c -g -O2  conftest.cpp >&5
configure:15885: $? = 0
configure:15893: result: yes
configure:15896: checking "warning" preprocessor directive
configure:15910: g++ -c -g -O2  conftest.cpp >&5
conftest.cpp:35:2: warning: cpp supports warning directive [-W#warnings]
#warning cpp supports warning directive
 ^
1 warning generated.
configure:15910: $? = 0
configure:15918: result: yes
configure:15921: checking "message" preprocessor pragma
configure:15935: g++ -c -g -O2  conftest.cpp >&5
conftest.cpp:36:9: warning: cpp supports message pragma [-W#pragma-messages]
#pragma message("cpp supports message pragma")
        ^
1 warning generated.
configure:15935: $? = 0
configure:15943: result: yes
configure:15951: checking for pg_config
configure:15969: found /usr/local/bin/pg_config
configure:15981: result: /usr/local/bin/pg_config
configure:16000: using PostgreSQL headers at /usr/local/Cellar/postgresql/9.4.2/include
configure:16003: using PostgreSQL libraries at /usr/local/Cellar/postgresql/9.4.2/lib
configure:16014: checking for ANSI C header files
configure:16118: result: yes
configure:16127: checking ability to compile programs using the standard C library
configure:16143: g++ -c -g -O2  conftest.cpp >&5
configure:16143: $? = 0
configure:16160: result: yes
configure:16166: checking for library containing select
configure:16197: g++ -o conftest -g -O2   conftest.cpp  >&5
configure:16197: $? = 0
configure:16214: result: none required
configure:16278: checking /usr/local/Cellar/postgresql/9.4.2/include/libpq-fe.h usability
configure:16278: g++ -c -g -O2  conftest.cpp >&5
configure:16278: $? = 0
configure:16278: result: yes
configure:16278: checking /usr/local/Cellar/postgresql/9.4.2/include/libpq-fe.h presence
configure:16278: g++ -E  conftest.cpp
configure:16278: $? = 0
configure:16278: result: yes
configure:16278: checking for /usr/local/Cellar/postgresql/9.4.2/include/libpq-fe.h
configure:16278: result: yes
configure:16298: checking for ability to compile source files using libpq
configure:16311: g++ -c -g -O2  conftest.cpp >&5
configure:16311: $? = 0
configure:16324: result: yes
configure:16338: checking for main in -lpq
configure:16357: gcc -o conftest -g -O2   -L/usr/local/Cellar/postgresql/9.4.2/lib conftest.c -lpq -L/usr/local/Cellar/postgresql/9.4.2/lib  >&5
configure:16357: $? = 0
configure:16366: result: yes
configure:16385: checking for PQexec in -lpq
configure:16410: gcc -o conftest -g -O2   -L/usr/local/Cellar/postgresql/9.4.2/lib conftest.c -lpq -L/usr/local/Cellar/postgresql/9.4.2/lib -lpq  >&5
configure:16410: $? = 0
configure:16419: result: yes
configure:16457: checking for correct C++ linkage of basic libpq functions
configure:16496: g++ -o conftest -g -O2   -L/usr/local/Cellar/postgresql/9.4.2/lib conftest.cpp -lpq -lpq  >&5
configure:16496: $? = 0
configure:16511: result: yes
configure:16515: checking that type of libpq's Oid is as expected
configure:16530: g++ -c -g -O2  conftest.cpp >&5
configure:16530: $? = 0
configure:16539: result: yes
configure:16542: checking lo_tell()
configure:16557: g++ -c -g -O2  conftest.cpp >&5
configure:16557: $? = 0
configure:16566: result: yes
configure:16570: checking for strerror_r
configure:16586: g++ -c -g -O2  conftest.cpp >&5
configure:16586: $? = 0
configure:16594: result: yes
configure:16612: checking for GNU-style strerror_r
configure:16628: g++ -c -g -O2  conftest.cpp >&5
conftest.cpp:44:47: error: cannot initialize return object of type 'const char *' with an rvalue of type 'int'
        const char *it_is_a_string(char *x) { return strerror_r(0,x,10); }
                                                     ^~~~~~~~~~~~~~~~~~
1 error generated.
configure:16628: $? = 1
configure: failed program was:
| /* confdefs.h */
| #define PACKAGE_NAME "libpqxx"
| #define PACKAGE_TARNAME "libpqxx"
| #define PACKAGE_VERSION "4.0.1"
| #define PACKAGE_STRING "libpqxx 4.0.1"
| #define PACKAGE_BUGREPORT "Jeroen T. Vermeulen <jtv@xs4all.nl>"
| #define PACKAGE_URL ""
| #define PACKAGE "libpqxx"
| #define VERSION "4.0.1"
| #define STDC_HEADERS 1
| #define HAVE_SYS_TYPES_H 1
| #define HAVE_SYS_STAT_H 1
| #define HAVE_STDLIB_H 1
| #define HAVE_STRING_H 1
| #define HAVE_MEMORY_H 1
| #define HAVE_STRINGS_H 1
| #define HAVE_INTTYPES_H 1
| #define HAVE_STDINT_H 1
| #define HAVE_UNISTD_H 1
| #define HAVE_DLFCN_H 1
| #define LT_OBJDIR ".libs/"
| #define PQXX_HAVE_GCC_VISIBILITY 1
| #define PQXX_HAVE_GCC_CONST 1
| #define PQXX_HAVE_GCC_DEPRECATED 1
| #define PQXX_HAVE_GCC_NORETURN 1
| #define PQXX_HAVE_GCC_PURE 1
| #define PGSTD std
| #define PQXXTR1 std
| #define PQXX_HAVE_IOS 1
| #define PQXX_HAVE_STREAMBUF 1
| #define PQXX_HAVE_LOCALE 1
| #define PQXX_HAVE_IMBUE 1
| #define PQXX_HAVE_CHAR_TRAITS 1
| #define PQXX_HAVE_CPP_WARNING 1
| #define PQXX_HAVE_CPP_PRAGMA_MESSAGE 1
| #define STDC_HEADERS 1
| #define HAVE_LIBPQ 1
| #define HAVE_LIBPQ 1
| #define PQXX_HAVE_LO_TELL 1
| #define PQXX_HAVE_STRERROR_R 1
| /* end confdefs.h.  */
| #include <cstring>
| 	namespace std {} using namespace std;
| 	const char *it_is_a_string(char *x) { return strerror_r(0,x,10); }
| int
| main ()
| {
| 
|   ;
|   return 0;
| }
configure:16636: result: no
configure:16641: checking for strnlen
configure:16656: g++ -c -g -O2  conftest.cpp >&5
configure:16656: $? = 0
configure:16664: result: yes
configure:16667: checking for strlcpy
configure:16682: g++ -c -g -O2  conftest.cpp >&5
configure:16682: $? = 0
configure:16690: result: yes
configure:16693: checking for long long
configure:16707: g++ -c -g -O2  conftest.cpp >&5
configure:16707: $? = 0
configure:16715: result: yes
configure:16718: checking for long double
configure:16732: g++ -c -g -O2  conftest.cpp >&5
configure:16732: $? = 0
configure:16740: result: yes
configure:16743: checking for working <sys/select.h>
configure:16761: g++ -c -g -O2  conftest.cpp >&5
configure:16761: $? = 0
configure:16771: result: yes
configure:16775: checking for poll()
configure:16790: g++ -c -g -O2  conftest.cpp >&5
configure:16790: $? = 0
configure:16799: result: yes
configure:16806: checking for working fd_set
configure:16869: g++ -c -g -O2  conftest.cpp >&5
configure:16869: $? = 0
configure:16884: result: yes
configure:16888: checking if select() accepts NULL fdsets
configure:16913: g++ -o conftest -g -O2   -L/usr/local/Cellar/postgresql/9.4.2/lib conftest.cpp -lpq -lpq  >&5
configure:16913: $? = 0
configure:16913: ./conftest
configure:16913: $? = 0
configure:16924: result: yes
configure:16928: checking sleep()
configure:16945: g++ -c -g -O2  conftest.cpp >&5
configure:16945: $? = 0
configure:16954: result: yes
configure:16957: checking PQisthreadsafe()
configure:16971: g++ -c -g -O2  conftest.cpp >&5
configure:16971: $? = 0
configure:16979: result: yes
configure:16982: checking PQescapeLiteral()
configure:16996: g++ -c -g -O2  conftest.cpp >&5
configure:16996: $? = 0
configure:17005: result: yes
configure:17009: checking support for hex binary escaping format
configure:17031: g++ -o conftest -g -O2   -L/usr/local/Cellar/postgresql/9.4.2/lib conftest.cpp -lpq -lpq  >&5
configure:17031: $? = 0
configure:17031: ./conftest
configure:17031: $? = 0
configure:17042: result: yes
configure:17046: checking PQescapeIdentifier()
configure:17060: g++ -c -g -O2  conftest.cpp >&5
configure:17060: $? = 0
configure:17069: result: pqescapeidentifier
configure:17073: checking PQencryptPassword()
configure:17087: g++ -c -g -O2  conftest.cpp >&5
configure:17087: $? = 0
configure:17096: result: yes
configure:17100: checking PQmblen()
configure:17114: g++ -c -g -O2  conftest.cpp >&5
configure:17114: $? = 0
configure:17123: result: yes
configure:17127: checking PQdescribePortal()
configure:17141: g++ -c -g -O2  conftest.cpp >&5
configure:17141: $? = 0
configure:17150: result: yes
configure:17153: checking PQclientEncoding()
configure:17167: g++ -c -g -O2  conftest.cpp >&5
configure:17167: $? = 0
configure:17176: result: yes
configure:17179: checking PQcancel()
configure:17193: g++ -c -g -O2  conftest.cpp >&5
configure:17193: $? = 0
configure:17202: result: yes
configure:17205: checking limits usability
configure:17205: g++ -c -g -O2  conftest.cpp >&5
configure:17205: $? = 0
configure:17205: result: yes
configure:17205: checking limits presence
configure:17205: g++ -E  conftest.cpp
configure:17205: $? = 0
configure:17205: result: yes
configure:17205: checking for limits
configure:17205: result: yes
configure:17214: checking for C99 isnan()
configure:17230: g++ -c -g -O2  conftest.cpp >&5
conftest.cpp:66:14: error: expected ')'
if(isnan(f())f()
             ^
conftest.cpp:66:3: note: to match this '('
if(isnan(f())f()
  ^
1 error generated.
configure:17230: $? = 1
configure: failed program was:
| /* confdefs.h */
| #define PACKAGE_NAME "libpqxx"
| #define PACKAGE_TARNAME "libpqxx"
| #define PACKAGE_VERSION "4.0.1"
| #define PACKAGE_STRING "libpqxx 4.0.1"
| #define PACKAGE_BUGREPORT "Jeroen T. Vermeulen <jtv@xs4all.nl>"
| #define PACKAGE_URL ""
| #define PACKAGE "libpqxx"
| #define VERSION "4.0.1"
| #define STDC_HEADERS 1
| #define HAVE_SYS_TYPES_H 1
| #define HAVE_SYS_STAT_H 1
| #define HAVE_STDLIB_H 1
| #define HAVE_STRING_H 1
| #define HAVE_MEMORY_H 1
| #define HAVE_STRINGS_H 1
| #define HAVE_INTTYPES_H 1
| #define HAVE_STDINT_H 1
| #define HAVE_UNISTD_H 1
| #define HAVE_DLFCN_H 1
| #define LT_OBJDIR ".libs/"
| #define PQXX_HAVE_GCC_VISIBILITY 1
| #define PQXX_HAVE_GCC_CONST 1
| #define PQXX_HAVE_GCC_DEPRECATED 1
| #define PQXX_HAVE_GCC_NORETURN 1
| #define PQXX_HAVE_GCC_PURE 1
| #define PGSTD std
| #define PQXXTR1 std
| #define PQXX_HAVE_IOS 1
| #define PQXX_HAVE_STREAMBUF 1
| #define PQXX_HAVE_LOCALE 1
| #define PQXX_HAVE_IMBUE 1
| #define PQXX_HAVE_CHAR_TRAITS 1
| #define PQXX_HAVE_CPP_WARNING 1
| #define PQXX_HAVE_CPP_PRAGMA_MESSAGE 1
| #define STDC_HEADERS 1
| #define HAVE_LIBPQ 1
| #define HAVE_LIBPQ 1
| #define PQXX_HAVE_LO_TELL 1
| #define PQXX_HAVE_STRERROR_R 1
| #define PQXX_HAVE_STRNLEN 1
| #define PQXX_HAVE_STRLCPY 1
| #define PQXX_HAVE_LONG_LONG 1
| #define PQXX_HAVE_LONG_DOUBLE 1
| #define PQXX_HAVE_SYS_SELECT_H 1
| #define PQXX_HAVE_POLL 1
| #define PQXX_SELECT_ACCEPTS_NULL 1
| #define PQXX_HAVE_SLEEP 1
| #define PQXX_HAVE_PQISTHREADSAFE 1
| #define PQXX_HAVE_PQESCAPELITERAL 1
| #define PQXX_HAVE_PQUNESCAPEBYTEA_9 1
| #define PQXX_HAVE_PQESCAPEIDENTIFIER 1
| #define PQXX_HAVE_PQENCRYPTPASSWORD 1
| #define PQXX_HAVE_PQMBLEN 1
| #define PQXX_HAVE_PQDESCRIBEPORTAL 1
| #define PQXX_HAVE_PQCLIENTENCODING 1
| #define PQXX_HAVE_PQCANCEL 1
| #define PQXX_HAVE_LIMITS 1
| /* end confdefs.h.  */
| #include <cmath>
| 	extern double f();
| 	namespace std {} using namespace std;
| int
| main ()
| {
| if(isnan(f())f()
|   ;
|   return 0;
| }
configure:17239: result: no
configure:17242: checking for std::numeric_limits<>::quiet_NaN()
configure:17258: g++ -c -g -O2  conftest.cpp >&5
configure:17258: $? = 0
configure:17266: result: yes
configure:17269: checking for C NAN macro
configure:17285: g++ -c -g -O2  conftest.cpp >&5
configure:17285: $? = 0
configure:17293: result: yes
configure:17296: checking for C99 nan() family
configure:17312: g++ -c -g -O2  conftest.cpp >&5
configure:17312: $? = 0
configure:17320: result: yes
configure:17323: checking for C99 isinf()
configure:17339: g++ -c -g -O2  conftest.cpp >&5
conftest.cpp:69:14: error: expected ')'
if(isinf(f())f()
             ^
conftest.cpp:69:3: note: to match this '('
if(isinf(f())f()
  ^
1 error generated.
configure:17339: $? = 1
configure: failed program was:
| /* confdefs.h */
| #define PACKAGE_NAME "libpqxx"
| #define PACKAGE_TARNAME "libpqxx"
| #define PACKAGE_VERSION "4.0.1"
| #define PACKAGE_STRING "libpqxx 4.0.1"
| #define PACKAGE_BUGREPORT "Jeroen T. Vermeulen <jtv@xs4all.nl>"
| #define PACKAGE_URL ""
| #define PACKAGE "libpqxx"
| #define VERSION "4.0.1"
| #define STDC_HEADERS 1
| #define HAVE_SYS_TYPES_H 1
| #define HAVE_SYS_STAT_H 1
| #define HAVE_STDLIB_H 1
| #define HAVE_STRING_H 1
| #define HAVE_MEMORY_H 1
| #define HAVE_STRINGS_H 1
| #define HAVE_INTTYPES_H 1
| #define HAVE_STDINT_H 1
| #define HAVE_UNISTD_H 1
| #define HAVE_DLFCN_H 1
| #define LT_OBJDIR ".libs/"
| #define PQXX_HAVE_GCC_VISIBILITY 1
| #define PQXX_HAVE_GCC_CONST 1
| #define PQXX_HAVE_GCC_DEPRECATED 1
| #define PQXX_HAVE_GCC_NORETURN 1
| #define PQXX_HAVE_GCC_PURE 1
| #define PGSTD std
| #define PQXXTR1 std
| #define PQXX_HAVE_IOS 1
| #define PQXX_HAVE_STREAMBUF 1
| #define PQXX_HAVE_LOCALE 1
| #define PQXX_HAVE_IMBUE 1
| #define PQXX_HAVE_CHAR_TRAITS 1
| #define PQXX_HAVE_CPP_WARNING 1
| #define PQXX_HAVE_CPP_PRAGMA_MESSAGE 1
| #define STDC_HEADERS 1
| #define HAVE_LIBPQ 1
| #define HAVE_LIBPQ 1
| #define PQXX_HAVE_LO_TELL 1
| #define PQXX_HAVE_STRERROR_R 1
| #define PQXX_HAVE_STRNLEN 1
| #define PQXX_HAVE_STRLCPY 1
| #define PQXX_HAVE_LONG_LONG 1
| #define PQXX_HAVE_LONG_DOUBLE 1
| #define PQXX_HAVE_SYS_SELECT_H 1
| #define PQXX_HAVE_POLL 1
| #define PQXX_SELECT_ACCEPTS_NULL 1
| #define PQXX_HAVE_SLEEP 1
| #define PQXX_HAVE_PQISTHREADSAFE 1
| #define PQXX_HAVE_PQESCAPELITERAL 1
| #define PQXX_HAVE_PQUNESCAPEBYTEA_9 1
| #define PQXX_HAVE_PQESCAPEIDENTIFIER 1
| #define PQXX_HAVE_PQENCRYPTPASSWORD 1
| #define PQXX_HAVE_PQMBLEN 1
| #define PQXX_HAVE_PQDESCRIBEPORTAL 1
| #define PQXX_HAVE_PQCLIENTENCODING 1
| #define PQXX_HAVE_PQCANCEL 1
| #define PQXX_HAVE_LIMITS 1
| #define PQXX_HAVE_QUIET_NAN 1
| #define PQXX_HAVE_C_NAN 1
| #define PQXX_HAVE_NAN 1
| /* end confdefs.h.  */
| #include <cmath>
| 	extern double f();
| 	namespace std {} using namespace std;
| int
| main ()
| {
| if(isinf(f())f()
|   ;
|   return 0;
| }
configure:17348: result: no
configure:17351: checking whether std::string has a clear() function
configure:17366: g++ -c -g -O2  conftest.cpp >&5
configure:17366: $? = 0
configure:17374: result: yes
configure:17377: checking for standard distance()
configure:17392: g++ -c -g -O2  conftest.cpp >&5
configure:17392: $? = 0
configure:17400: result: yes
configure:17403: checking if count_if() works as expected
configure:17420: g++ -c -g -O2  conftest.cpp >&5
configure:17420: $? = 0
configure:17428: result: yes
configure:17431: checking whether <iterator> defines a usable iterator template
configure:17445: g++ -c -g -O2  conftest.cpp >&5
configure:17445: $? = 0
configure:17454: result: yes
configure:17457: checking for reverse_iterator template
configure:17472: g++ -c -g -O2  conftest.cpp >&5
configure:17472: $? = 0
configure:17480: result: yes
configure:17483: checking for auto_ptr
configure:17500: g++ -c -g -O2  conftest.cpp >&5
configure:17500: $? = 0
configure:17508: result: yes
configure:17511: checking for tr1::shared_ptr
configure:17525: g++ -c -g -O2  conftest.cpp >&5
configure:17525: $? = 0
configure:17533: result: yes
configure:17536: checking for unique_ptr
configure:17553: g++ -c -g -O2  conftest.cpp >&5
configure:17553: $? = 0
configure:17561: result: yes
configure:17564: checking for move()
configure:17581: g++ -c -g -O2  conftest.cpp >&5
configure:17581: $? = 0
configure:17589: result: yes
configure:17592: checking whether overloaded using-declarations work
configure:17607: g++ -c -g -O2  conftest.cpp >&5
configure:17607: $? = 0
configure:17616: result: yes
configure:17620: checking whether make sets $(MAKE)
configure:17642: result: yes
configure:17813: creating ./config.status

## ---------------------- ##
## Running config.status. ##
## ---------------------- ##

This file was extended by libpqxx config.status 4.0.1, which was
generated by GNU Autoconf 2.69.  Invocation command line was

  CONFIG_FILES    = 
  CONFIG_HEADERS  = 
  CONFIG_LINKS    = 
  CONFIG_COMMANDS = 
  $ ./config.status 

on Bumblebee.local

config.status:1220: creating Makefile
config.status:1220: creating config/Makefile
config.status:1220: creating debian/Makefile
config.status:1220: creating doc/Makefile
config.status:1220: creating doc/Doxyfile
config.status:1220: creating src/Makefile
config.status:1220: creating test/Makefile
config.status:1220: creating test/unit/Makefile
config.status:1220: creating tools/Makefile
config.status:1220: creating win32/Makefile
config.status:1220: creating include/Makefile
config.status:1220: creating include/pqxx/Makefile
config.status:1220: creating libpqxx.pc
config.status:1220: creating pqxx-config
config.status:1220: creating libpqxx.spec
config.status:1220: creating include/pqxx/config.h
config.status:1449: executing depfiles commands
config.status:1449: executing libtool commands
config.status:1449: executing configitems commands

## ---------------- ##
## Cache variables. ##
## ---------------- ##

ac_cv_build=x86_64-apple-darwin14.5.0
ac_cv_c_compiler_gnu=yes
ac_cv_cxx_compiler_gnu=yes
ac_cv_env_CCC_set=
ac_cv_env_CCC_value=
ac_cv_env_CC_set=
ac_cv_env_CC_value=
ac_cv_env_CFLAGS_set=
ac_cv_env_CFLAGS_value=
ac_cv_env_CPPFLAGS_set=
ac_cv_env_CPPFLAGS_value=
ac_cv_env_CPP_set=
ac_cv_env_CPP_value=
ac_cv_env_CXXCPP_set=
ac_cv_env_CXXCPP_value=
ac_cv_env_CXXFLAGS_set=
ac_cv_env_CXXFLAGS_value=
ac_cv_env_CXX_set=
ac_cv_env_CXX_value=
ac_cv_env_LDFLAGS_set=
ac_cv_env_LDFLAGS_value=
ac_cv_env_LIBS_set=
ac_cv_env_LIBS_value=
ac_cv_env_build_alias_set=
ac_cv_env_build_alias_value=
ac_cv_env_host_alias_set=
ac_cv_env_host_alias_value=
ac_cv_env_target_alias_set=
ac_cv_env_target_alias_value=
ac_cv_header__usr_local_Cellar_postgresql_9_4_2_include_libpq_fe_h=yes
ac_cv_header_boost_smart_ptr_hpp=no
ac_cv_header_dlfcn_h=yes
ac_cv_header_inttypes_h=yes
ac_cv_header_ios=yes
ac_cv_header_limits=yes
ac_cv_header_locale=yes
ac_cv_header_memory_h=yes
ac_cv_header_stdc=yes
ac_cv_header_stdint_h=yes
ac_cv_header_stdlib_h=yes
ac_cv_header_streambuf=yes
ac_cv_header_string_h=yes
ac_cv_header_strings_h=yes
ac_cv_header_sys_stat_h=yes
ac_cv_header_sys_types_h=yes
ac_cv_header_unistd_h=yes
ac_cv_host=x86_64-apple-darwin14.5.0
ac_cv_lib_pq=ac_cv_lib_pq_main
ac_cv_lib_pq_PQexec=yes
ac_cv_lib_pq_main=yes
ac_cv_objext=o
ac_cv_path_EGREP='/usr/bin/grep -E'
ac_cv_path_FGREP='/usr/bin/grep -F'
ac_cv_path_GREP=/usr/bin/grep
ac_cv_path_MKDIR=/bin/mkdir
ac_cv_path_PG_CONFIG=/usr/local/bin/pg_config
ac_cv_path_PKG_CONFIG=/usr/local/bin/pkg-config
ac_cv_path_SED=/usr/bin/sed
ac_cv_path_install='/usr/bin/install -c'
ac_cv_prog_AWK=awk
ac_cv_prog_CPP='gcc -E'
ac_cv_prog_CXXCPP='g++ -E'
ac_cv_prog_HAVE_DOT=NO
ac_cv_prog_ac_ct_AR=ar
ac_cv_prog_ac_ct_CC=gcc
ac_cv_prog_ac_ct_CXX=g++
ac_cv_prog_ac_ct_DSYMUTIL=dsymutil
ac_cv_prog_ac_ct_LIPO=lipo
ac_cv_prog_ac_ct_NMEDIT=nmedit
ac_cv_prog_ac_ct_OTOOL=otool
ac_cv_prog_ac_ct_RANLIB=ranlib
ac_cv_prog_ac_ct_STRIP=strip
ac_cv_prog_cc_c89=
ac_cv_prog_cc_g=yes
ac_cv_prog_cxx_g=yes
ac_cv_prog_make_make_set=yes
ac_cv_search_select='none required'
am_cv_CC_dependencies_compiler_type=gcc3
am_cv_CXX_dependencies_compiler_type=gcc3
lt_cv_apple_cc_single_mod=yes
lt_cv_ar_at_file=no
lt_cv_deplibs_check_method=pass_all
lt_cv_file_magic_cmd='$MAGIC_CMD'
lt_cv_file_magic_test_file=
lt_cv_ld_exported_symbols_list=yes
lt_cv_ld_force_load=yes
lt_cv_ld_reload_flag=-r
lt_cv_nm_interface='BSD nm'
lt_cv_objdir=.libs
lt_cv_path_LD=/Applications/Xcode.app/Contents/Developer/Toolchains/XcodeDefault.xctoolchain/usr/bin/ld
lt_cv_path_LDCXX=/Applications/Xcode.app/Contents/Developer/Toolchains/XcodeDefault.xctoolchain/usr/bin/ld
lt_cv_path_NM=/usr/bin/nm
lt_cv_path_mainfest_tool=no
lt_cv_prog_compiler_c_o=yes
lt_cv_prog_compiler_c_o_CXX=yes
lt_cv_prog_compiler_pic='-fno-common -DPIC'
lt_cv_prog_compiler_pic_CXX='-fno-common -DPIC'
lt_cv_prog_compiler_pic_works=yes
lt_cv_prog_compiler_pic_works_CXX=yes
lt_cv_prog_compiler_rtti_exceptions=yes
lt_cv_prog_compiler_static_works=no
lt_cv_prog_compiler_static_works_CXX=no
lt_cv_prog_gnu_ld=no
lt_cv_prog_gnu_ldcxx=no
lt_cv_sharedlib_from_linklib_cmd='printf %s\n'
lt_cv_sys_global_symbol_pipe='sed -n -e '\''s/^.*[	 ]\([BCDEGRST][BCDEGRST]*\)[	 ][	 ]*_\([_A-Za-z][_A-Za-z0-9]*\)$/\1 _\2 \2/p'\'' | sed '\''/ __gnu_lto/d'\'''
lt_cv_sys_global_symbol_to_c_name_address='sed -n -e '\''s/^: \([^ ]*\)[ ]*$/  {\"\1\", (void *) 0},/p'\'' -e '\''s/^[BCDEGRST]* \([^ ]*\) \([^ ]*\)$/  {"\2", (void *) \&\2},/p'\'''
lt_cv_sys_global_symbol_to_c_name_address_lib_prefix='sed -n -e '\''s/^: \([^ ]*\)[ ]*$/  {\"\1\", (void *) 0},/p'\'' -e '\''s/^[BCDEGRST]* \([^ ]*\) \(lib[^ ]*\)$/  {"\2", (void *) \&\2},/p'\'' -e '\''s/^[BCDEGRST]* \([^ ]*\) \([^ ]*\)$/  {"lib\2", (void *) \&\2},/p'\'''
lt_cv_sys_global_symbol_to_cdecl='sed -n -e '\''s/^T .* \(.*\)$/extern int \1();/p'\'' -e '\''s/^[BCDEGRST]* .* \(.*\)$/extern char \1;/p'\'''
lt_cv_sys_max_cmd_len=196608
lt_cv_to_host_file_cmd=func_convert_file_noop
lt_cv_to_tool_file_cmd=func_convert_file_noop

## ----------------- ##
## Output variables. ##
## ----------------- ##

ACLOCAL='${SHELL} /Users/mowgli/cpp/libpqxx-4.0.1/config/missing --run aclocal-1.11'
AMDEPBACKSLASH='\'
AMDEP_FALSE='#'
AMDEP_TRUE=''
AMTAR='$${TAR-tar}'
AR='ar'
AUTOCONF='${SHELL} /Users/mowgli/cpp/libpqxx-4.0.1/config/missing --run autoconf'
AUTOHEADER='${SHELL} /Users/mowgli/cpp/libpqxx-4.0.1/config/missing --run autoheader'
AUTOMAKE='${SHELL} /Users/mowgli/cpp/libpqxx-4.0.1/config/missing --run automake-1.11'
AWK='awk'
BUILD_REFERENCE_FALSE=''
BUILD_REFERENCE_TRUE='#'
BUILD_TUTORIAL_FALSE=''
BUILD_TUTORIAL_TRUE='#'
CC='gcc'
CCDEPMODE='depmode=gcc3'
CFLAGS='-g -O2'
CPP='gcc -E'
CPPFLAGS=''
CXX='g++'
CXXCPP='g++ -E'
CXXDEPMODE='depmode=gcc3'
CXXFLAGS='-g -O2'
CYGPATH_W='echo'
DEFS='-DHAVE_CONFIG_H'
DEPDIR='.deps'
DLLTOOL='false'
DOXYGEN=''
DSYMUTIL='dsymutil'
DUMPBIN=''
ECHO_C='\c'
ECHO_N=''
ECHO_T=''
EGREP='/usr/bin/grep -E'
EXEEXT=''
FGREP='/usr/bin/grep -F'
GREP='/usr/bin/grep'
HAVE_DOT='NO'
INSTALL_DATA='${INSTALL} -m 644'
INSTALL_PROGRAM='${INSTALL}'
INSTALL_SCRIPT='${INSTALL}'
INSTALL_STRIP_PROGRAM='$(install_sh) -c -s'
LD='/Applications/Xcode.app/Contents/Developer/Toolchains/XcodeDefault.xctoolchain/usr/bin/ld'
LDFLAGS=' -L/usr/local/Cellar/postgresql/9.4.2/lib'
LIBOBJS=''
LIBS='-lpq -lpq '
LIBTOOL='$(SHELL) $(top_builddir)/libtool'
LIPO='lipo'
LN_S='ln -s'
LTLIBOBJS=''
MAINT='#'
MAINTAINER_MODE_FALSE=''
MAINTAINER_MODE_TRUE='#'
MAKEINFO='${SHELL} /Users/mowgli/cpp/libpqxx-4.0.1/config/missing --run makeinfo'
MANIFEST_TOOL=':'
MKDIR='/bin/mkdir'
MKDIR_P='config/install-sh -c -d'
NM='/usr/bin/nm'
NMEDIT='nmedit'
OBJDUMP='false'
OBJEXT='o'
OTOOL64=':'
OTOOL='otool'
PACKAGE='libpqxx'
PACKAGE_BUGREPORT='Jeroen T. Vermeulen <jtv@xs4all.nl>'
PACKAGE_NAME='libpqxx'
PACKAGE_STRING='libpqxx 4.0.1'
PACKAGE_TARNAME='libpqxx'
PACKAGE_URL=''
PACKAGE_VERSION='4.0.1'
PATH_SEPARATOR=':'
PG_CONFIG='/usr/local/bin/pg_config'
PKG_CONFIG='/usr/local/bin/pkg-config'
POSTGRES_INCLUDE='-I/usr/local/Cellar/postgresql/9.4.2/include'
POSTGRES_LIB=''
PQXXVERSION='4.0.1'
PQXX_ABI='4.0'
PQXX_MAJOR='4'
PQXX_MINOR='0'
RANLIB='ranlib'
SED='/usr/bin/sed'
SET_MAKE=''
SHELL='/bin/sh'
STRIP='strip'
VERSION='4.0.1'
XMLTO=''
ac_ct_AR='ar'
ac_ct_CC='gcc'
ac_ct_CXX='g++'
ac_ct_DUMPBIN=''
am__EXEEXT_FALSE=''
am__EXEEXT_TRUE='#'
am__fastdepCC_FALSE='#'
am__fastdepCC_TRUE=''
am__fastdepCXX_FALSE='#'
am__fastdepCXX_TRUE=''
am__include='include'
am__isrc=''
am__leading_dot='.'
am__nodep='_no'
am__quote=''
am__tar='$${TAR-tar} chof - "$$tardir"'
am__untar='$${TAR-tar} xf -'
bindir='${exec_prefix}/bin'
build='x86_64-apple-darwin14.5.0'
build_alias=''
build_cpu='x86_64'
build_os='darwin14.5.0'
build_vendor='apple'
datadir='${datarootdir}'
datarootdir='${prefix}/share'
docdir='${datarootdir}/doc/${PACKAGE_TARNAME}'
dvidir='${docdir}'
exec_prefix='${prefix}'
host='x86_64-apple-darwin14.5.0'
host_alias=''
host_cpu='x86_64'
host_os='darwin14.5.0'
host_vendor='apple'
htmldir='${docdir}'
includedir='${prefix}/include'
infodir='${datarootdir}/info'
install_sh='${SHELL} /Users/mowgli/cpp/libpqxx-4.0.1/config/install-sh'
libdir='${exec_prefix}/lib'
libexecdir='${exec_prefix}/libexec'
localedir='${datarootdir}/locale'
localstatedir='${prefix}/var'
mandir='${datarootdir}/man'
mkdir_p='$(top_builddir)/config/install-sh -c -d'
oldincludedir='/usr/include'
pdfdir='${docdir}'
prefix='/usr/local'
program_transform_name='s,x,x,'
psdir='${docdir}'
sbindir='${exec_prefix}/sbin'
sharedstatedir='${prefix}/com'
sysconfdir='${prefix}/etc'
target_alias=''
with_postgres_include='/usr/local/Cellar/postgresql/9.4.2/include'
with_postgres_lib='/usr/local/Cellar/postgresql/9.4.2/lib'

## ----------- ##
## confdefs.h. ##
## ----------- ##

/* confdefs.h */
#define PACKAGE_NAME "libpqxx"
#define PACKAGE_TARNAME "libpqxx"
#define PACKAGE_VERSION "4.0.1"
#define PACKAGE_STRING "libpqxx 4.0.1"
#define PACKAGE_BUGREPORT "Jeroen T. Vermeulen <jtv@xs4all.nl>"
#define PACKAGE_URL ""
#define PACKAGE "libpqxx"
#define VERSION "4.0.1"
#define STDC_HEADERS 1
#define HAVE_SYS_TYPES_H 1
#define HAVE_SYS_STAT_H 1
#define HAVE_STDLIB_H 1
#define HAVE_STRING_H 1
#define HAVE_MEMORY_H 1
#define HAVE_STRINGS_H 1
#define HAVE_INTTYPES_H 1
#define HAVE_STDINT_H 1
#define HAVE_UNISTD_H 1
#define HAVE_DLFCN_H 1
#define LT_OBJDIR ".libs/"
#define PQXX_HAVE_GCC_VISIBILITY 1
#define PQXX_HAVE_GCC_CONST 1
#define PQXX_HAVE_GCC_DEPRECATED 1
#define PQXX_HAVE_GCC_NORETURN 1
#define PQXX_HAVE_GCC_PURE 1
#define PGSTD std
#define PQXXTR1 std
#define PQXX_HAVE_IOS 1
#define PQXX_HAVE_STREAMBUF 1
#define PQXX_HAVE_LOCALE 1
#define PQXX_HAVE_IMBUE 1
#define PQXX_HAVE_CHAR_TRAITS 1
#define PQXX_HAVE_CPP_WARNING 1
#define PQXX_HAVE_CPP_PRAGMA_MESSAGE 1
#define STDC_HEADERS 1
#define HAVE_LIBPQ 1
#define HAVE_LIBPQ 1
#define PQXX_HAVE_LO_TELL 1
#define PQXX_HAVE_STRERROR_R 1
#define PQXX_HAVE_STRNLEN 1
#define PQXX_HAVE_STRLCPY 1
#define PQXX_HAVE_LONG_LONG 1
#define PQXX_HAVE_LONG_DOUBLE 1
#define PQXX_HAVE_SYS_SELECT_H 1
#define PQXX_HAVE_POLL 1
#define PQXX_SELECT_ACCEPTS_NULL 1
#define PQXX_HAVE_SLEEP 1
#define PQXX_HAVE_PQISTHREADSAFE 1
#define PQXX_HAVE_PQESCAPELITERAL 1
#define PQXX_HAVE_PQUNESCAPEBYTEA_9 1
#define PQXX_HAVE_PQESCAPEIDENTIFIER 1
#define PQXX_HAVE_PQENCRYPTPASSWORD 1
#define PQXX_HAVE_PQMBLEN 1
#define PQXX_HAVE_PQDESCRIBEPORTAL 1
#define PQXX_HAVE_PQCLIENTENCODING 1
#define PQXX_HAVE_PQCANCEL 1
#define PQXX_HAVE_LIMITS 1
#define PQXX_HAVE_QUIET_NAN 1
#define PQXX_HAVE_C_NAN 1
#define PQXX_HAVE_NAN 1
#define PQXX_HAVE_STRING_CLEAR 1
#define PQXX_HAVE_DISTANCE 1
#define PQXX_HAVE_COUNT_IF 1
#define PQXX_HAVE_REVERSE_ITERATOR 1
#define PQXX_HAVE_AUTO_PTR 1
#define PQXX_HAVE_SHARED_PTR 1
#define PQXX_HAVE_UNIQUE_PTR 1
#define PQXX_HAVE_MOVE 1

configure: exit 0
